<?xml version="1.0" encoding="UTF-8"?>
<!-- Generated by org.testng.reporters.JUnitXMLReporter -->
<testsuite ignored="0" hostname="DESKTOP-T9E3E67" failures="0" tests="4" name="Default test" time="34.662" errors="0" timestamp="2023-10-17T09:19:28 IST">
  <testcase classname="project_snapdeal.registerIwanttosale" name="openapp" time="24.408"/>
  <testcase classname="project_snapdeal.registerIwanttosale" name="entertosale" time="5.024"/>
  <testcase classname="project_snapdeal.registerIwanttosale" name="register" time="0.467"/>
  <testcase classname="project_snapdeal.registerIwanttosale" name="watchtrainingvideo" time="4.682"/>
</testsuite> <!-- Default test -->
