<?xml version="1.0" encoding="UTF-8"?>
<testng-results ignored="0" total="4" passed="4" failed="0" skipped="0">
  <reporter-output>
  </reporter-output>
  <suite started-at="2023-10-17T09:18:54 IST" name="Default suite" finished-at="2023-10-17T09:19:28 IST" duration-ms="34662">
    <groups>
    </groups>
    <test started-at="2023-10-17T09:18:54 IST" name="Default test" finished-at="2023-10-17T09:19:28 IST" duration-ms="34662">
      <class name="project_snapdeal.registerIwanttosale">
        <test-method is-config="true" signature="setup()[pri:0, instance:project_snapdeal.registerIwanttosale@121314f7]" started-at="2023-10-17T09:18:50 IST" name="setup" finished-at="2023-10-17T09:18:54 IST" duration-ms="3635" status="PASS">
          <reporter-output>
          </reporter-output>
        </test-method> <!-- setup -->
        <test-method signature="openapp()[pri:1, instance:project_snapdeal.registerIwanttosale@121314f7]" started-at="2023-10-17T09:18:54 IST" name="openapp" finished-at="2023-10-17T09:19:18 IST" duration-ms="24408" status="PASS">
          <reporter-output>
          </reporter-output>
        </test-method> <!-- openapp -->
        <test-method signature="entertosale()[pri:2, instance:project_snapdeal.registerIwanttosale@121314f7]" started-at="2023-10-17T09:19:18 IST" name="entertosale" finished-at="2023-10-17T09:19:23 IST" duration-ms="5024" status="PASS">
          <reporter-output>
          </reporter-output>
        </test-method> <!-- entertosale -->
        <test-method signature="register()[pri:3, instance:project_snapdeal.registerIwanttosale@121314f7]" started-at="2023-10-17T09:19:23 IST" name="register" finished-at="2023-10-17T09:19:24 IST" duration-ms="467" status="PASS">
          <reporter-output>
          </reporter-output>
        </test-method> <!-- register -->
        <test-method signature="watchtrainingvideo()[pri:4, instance:project_snapdeal.registerIwanttosale@121314f7]" started-at="2023-10-17T09:19:24 IST" name="watchtrainingvideo" finished-at="2023-10-17T09:19:28 IST" duration-ms="4682" status="PASS">
          <reporter-output>
          </reporter-output>
        </test-method> <!-- watchtrainingvideo -->
      </class> <!-- project_snapdeal.registerIwanttosale -->
    </test> <!-- Default test -->
  </suite> <!-- Default suite -->
</testng-results>
